#
# There is insufficient memory for the Java Runtime Environment to continue.
# Native memory allocation (mmap) failed to map 134217728 bytes. Error detail: G1 virtual space
# Possible reasons:
#   The system is out of physical RAM or swap space
#   This process is running with CompressedOops enabled, and the Java Heap may be blocking the growth of the native heap
# Possible solutions:
#   Reduce memory load on the system
#   Increase physical memory or swap space
#   Check if swap backing store is full
#   Decrease Java heap size (-Xmx/-Xms)
#   Decrease number of Java threads
#   Decrease Java thread stack sizes (-Xss)
#   Set larger code cache with -XX:ReservedCodeCacheSize=
#   JVM is running with Unscaled Compressed Oops mode in which the Java heap is
#     placed in the first 4GB address space. The Java Heap base address is the
#     maximum limit for the native heap growth. Please use -XX:HeapBaseMinAddress
#     to set the Java Heap base and to place the Java Heap above 4GB virtual address.
# This output file may be truncated or incomplete.
#
#  Out of Memory Error (os_windows.cpp:3703), pid=6948, tid=4092
#
# JRE version:  (23.0+37) (build )
# Java VM: Java HotSpot(TM) 64-Bit Server VM (23+37-2369, mixed mode, sharing, tiered, compressed oops, compressed class ptrs, g1 gc, windows-amd64)
# No core dump will be written. Minidumps are not enabled by default on client versions of Windows
#

---------------  S U M M A R Y ------------

Command Line: C:\Users\DUY\AppData\Local\Temp\surefire3957327480401192632\surefirebooter-20250120050304903_3.jar C:\Users\DUY\AppData\Local\Temp\surefire3957327480401192632 2025-01-20T05-03-04_429-jvmRun1 surefire-20250120050304903_1tmp surefire_0-20250120050304903_2tmp

Host: Intel(R) Core(TM) i5-6200U CPU @ 2.30GHz, 4 cores, 7G,  Windows 10 , 64 bit Build 19041 (10.0.19041.5198)
Time: Mon Jan 20 05:03:05 2025 SE Asia Standard Time elapsed time: 0.040066 seconds (0d 0h 0m 0s)

---------------  T H R E A D  ---------------

Current thread (0x000001693bacc940):  JavaThread "Unknown thread" [_thread_in_vm, id=4092, stack(0x0000001aed900000,0x0000001aeda00000) (1024K)]

Stack: [0x0000001aed900000,0x0000001aeda00000]
Native frames: (J=compiled Java code, j=interpreted, Vv=VM code, C=native code)
V  [jvm.dll+0x6e08a9]  (no source info available)
V  [jvm.dll+0x87da63]  (no source info available)
V  [jvm.dll+0x87feee]  (no source info available)
V  [jvm.dll+0x8805c3]  (no source info available)
V  [jvm.dll+0x27aee6]  (no source info available)
V  [jvm.dll+0x6dd1b5]  (no source info available)
V  [jvm.dll+0x6d103a]  (no source info available)
V  [jvm.dll+0x35b3ea]  (no source info available)
V  [jvm.dll+0x3637f6]  (no source info available)
V  [jvm.dll+0x34fd5e]  (no source info available)
V  [jvm.dll+0x34fff8]  (no source info available)
V  [jvm.dll+0x3289cc]  (no source info available)
V  [jvm.dll+0x32966e]  (no source info available)
V  [jvm.dll+0x8442e5]  (no source info available)
V  [jvm.dll+0x3b9848]  (no source info available)
V  [jvm.dll+0x82d0dc]  (no source info available)
V  [jvm.dll+0x454d4e]  (no source info available)
V  [jvm.dll+0x456bd1]  (no source info available)
C  [jli.dll+0x52a3]  (no source info available)
C  [ucrtbase.dll+0x21bb2]  (no source info available)
C  [KERNEL32.DLL+0x17374]  (no source info available)
C  [ntdll.dll+0x4cc91]  (no source info available)

Lock stack of current Java thread (top to bottom):


---------------  P R O C E S S  ---------------

Threads class SMR info:
_java_thread_list=0x00007fff71a53618, length=0, elements={
}

Java Threads: ( => current thread )
Total: 0

Other Threads:
  0x000001693dd05e80 WorkerThread "GC Thread#0"                     [id=1320, stack(0x0000001aeda00000,0x0000001aedb00000) (1024K)]
  0x000001693dd1b9e0 ConcurrentGCThread "G1 Main Marker"            [id=5440, stack(0x0000001aedb00000,0x0000001aedc00000) (1024K)]
  0x000001693dd1c5b0 WorkerThread "G1 Conc#0"                       [id=1440, stack(0x0000001aedc00000,0x0000001aedd00000) (1024K)]

[error occurred during error reporting (printing all threads), id 0xc0000005, EXCEPTION_ACCESS_VIOLATION (0xc0000005) at pc=0x00007fff7119bfba]
VM state: not at safepoint (not fully initialized)

VM Mutex/Monitor currently owned by a thread:  ([mutex/lock_event])
[0x00007fff71ad3a10] Heap_lock - owner thread: 0x000001693bacc940

Heap address: 0x0000000081a00000, size: 2022 MB, Compressed Oops mode: 32-bit

CDS archive(s) mapped at: [0x0000000000000000-0x0000000000000000-0x0000000000000000), size 0, SharedBaseAddress: 0x0000000800000000, ArchiveRelocationMode: 1.
Narrow klass base: 0x0000000000000000, Narrow klass shift: 0, Narrow klass range: 0x0

GC Precious Log:
 CardTable entry size: 512
 Card Set container configuration: InlinePtr #cards 5 size 8 Array Of Cards #cards 10 size 36 Howl #buckets 4 coarsen threshold 1843 Howl Bitmap #cards 512 size 80 coarsen threshold 460 Card regions per heap region 1 cards per card region 2048

Heap:
 garbage-first heap   total reserved 2070528K, committed 0K, used 0K [0x0000000081a00000, 0x0000000100000000)
  region size 1024K, 0 young (0K), 0 survivors (0K)

[error occurred during error reporting (printing heap information), id 0xc0000005, EXCEPTION_ACCESS_VIOLATION (0xc0000005) at pc=0x00007fff7159c3b9]
GC Heap History (0 events):
No events

Dll operation events (1 events):
Event: 0.016 Loaded shared library C:\Program Files\Java\jdk-23\bin\java.dll

Deoptimization events (0 events):
No events

Classes loaded (0 events):
No events

Classes unloaded (0 events):
No events

Classes redefined (0 events):
No events

Internal exceptions (0 events):
No events

VM Operations (0 events):
No events

Memory protections (0 events):
No events

Nmethod flushes (0 events):
No events

Events (0 events):
No events


Dynamic libraries:
0x00007ff65afe0000 - 0x00007ff65aff0000 	C:\Program Files\Java\jdk-23\bin\java.exe
0x00007fffdd4f0000 - 0x00007fffdd6e8000 	C:\Windows\SYSTEM32\ntdll.dll
0x00007fffdb620000 - 0x00007fffdb6e2000 	C:\Windows\System32\KERNEL32.DLL
0x00007fffdb200000 - 0x00007fffdb4ff000 	C:\Windows\System32\KERNELBASE.dll
0x00007fffdafd0000 - 0x00007fffdb0d0000 	C:\Windows\System32\ucrtbase.dll
0x00007fffd4d30000 - 0x00007fffd4d4b000 	C:\Program Files\Java\jdk-23\bin\VCRUNTIME140.dll
0x00007fffd4d90000 - 0x00007fffd4da7000 	C:\Program Files\Java\jdk-23\bin\jli.dll
0x00007fffdca60000 - 0x00007fffdcbfd000 	C:\Windows\System32\USER32.dll
0x00007fffdb1d0000 - 0x00007fffdb1f2000 	C:\Windows\System32\win32u.dll
0x00007fffdcc00000 - 0x00007fffdcc2b000 	C:\Windows\System32\GDI32.dll
0x00007fffdaeb0000 - 0x00007fffdafc7000 	C:\Windows\System32\gdi32full.dll
0x00007fffdab80000 - 0x00007fffdac1d000 	C:\Windows\System32\msvcp_win.dll
0x00007fffc9c30000 - 0x00007fffc9eca000 	C:\Windows\WinSxS\amd64_microsoft.windows.common-controls_6595b64144ccf1df_6.0.19041.4355_none_60b8b9eb71f62e16\COMCTL32.dll
0x00007fffdc9c0000 - 0x00007fffdca5e000 	C:\Windows\System32\msvcrt.dll
0x00007fffdc540000 - 0x00007fffdc56f000 	C:\Windows\System32\IMM32.DLL
0x00007fffd5920000 - 0x00007fffd592c000 	C:\Program Files\Java\jdk-23\bin\vcruntime140_1.dll
0x00007fffbf1c0000 - 0x00007fffbf24e000 	C:\Program Files\Java\jdk-23\bin\msvcp140.dll
0x00007fff70e60000 - 0x00007fff71baf000 	C:\Program Files\Java\jdk-23\bin\server\jvm.dll
0x00007fffdc690000 - 0x00007fffdc741000 	C:\Windows\System32\ADVAPI32.dll
0x00007fffdc5f0000 - 0x00007fffdc68f000 	C:\Windows\System32\sechost.dll
0x00007fffdbc40000 - 0x00007fffdbd63000 	C:\Windows\System32\RPCRT4.dll
0x00007fffdac20000 - 0x00007fffdac47000 	C:\Windows\System32\bcrypt.dll
0x00007fffdccb0000 - 0x00007fffdcd1b000 	C:\Windows\System32\WS2_32.dll
0x00007fffda9e0000 - 0x00007fffdaa2b000 	C:\Windows\SYSTEM32\POWRPROF.dll
0x00007fffcaa40000 - 0x00007fffcaa4a000 	C:\Windows\SYSTEM32\VERSION.dll
0x00007fffc9c00000 - 0x00007fffc9c27000 	C:\Windows\SYSTEM32\WINMM.dll
0x00007fffda9c0000 - 0x00007fffda9d2000 	C:\Windows\SYSTEM32\UMPDC.dll
0x00007fffd89c0000 - 0x00007fffd89d2000 	C:\Windows\SYSTEM32\kernel.appcore.dll
0x00007fffd4d20000 - 0x00007fffd4d2a000 	C:\Program Files\Java\jdk-23\bin\jimage.dll
0x00007fffcfa20000 - 0x00007fffcfc04000 	C:\Windows\SYSTEM32\DBGHELP.DLL
0x00007fffb78d0000 - 0x00007fffb7904000 	C:\Windows\SYSTEM32\dbgcore.DLL
0x00007fffdadb0000 - 0x00007fffdae32000 	C:\Windows\System32\bcryptPrimitives.dll
0x00007fffd49a0000 - 0x00007fffd49be000 	C:\Program Files\Java\jdk-23\bin\java.dll
0x00007fffdc750000 - 0x00007fffdc87b000 	C:\Windows\System32\ole32.dll
0x00007fffdcfb0000 - 0x00007fffdd305000 	C:\Windows\System32\combase.dll
0x00007fffdbd70000 - 0x00007fffdc4de000 	C:\Windows\System32\SHELL32.dll

dbghelp: loaded successfully - version: 4.0.5 - missing functions: none
symbol engine: initialized successfully - sym options: 0x614 - pdb path: .;C:\Program Files\Java\jdk-23\bin;C:\Windows\SYSTEM32;C:\Windows\WinSxS\amd64_microsoft.windows.common-controls_6595b64144ccf1df_6.0.19041.4355_none_60b8b9eb71f62e16;C:\Program Files\Java\jdk-23\bin\server

VM Arguments:
java_command: C:\Users\DUY\AppData\Local\Temp\surefire3957327480401192632\surefirebooter-20250120050304903_3.jar C:\Users\DUY\AppData\Local\Temp\surefire3957327480401192632 2025-01-20T05-03-04_429-jvmRun1 surefire-20250120050304903_1tmp surefire_0-20250120050304903_2tmp
java_class_path (initial): C:\Users\DUY\AppData\Local\Temp\surefire3957327480401192632\surefirebooter-20250120050304903_3.jar
Launcher Type: SUN_STANDARD

[Global flags]
     intx CICompilerCount                          = 3                                         {product} {ergonomic}
     uint ConcGCThreads                            = 1                                         {product} {ergonomic}
     uint G1ConcRefinementThreads                  = 4                                         {product} {ergonomic}
   size_t G1HeapRegionSize                         = 1048576                                   {product} {ergonomic}
   size_t InitialHeapSize                          = 134217728                                 {product} {ergonomic}
   size_t MarkStackSize                            = 4194304                                   {product} {ergonomic}
   size_t MarkStackSizeMax                         = 536870912                                 {product} {ergonomic}
   size_t MaxHeapSize                              = 2120220672                                {product} {ergonomic}
   size_t MinHeapDeltaBytes                        = 1048576                                   {product} {ergonomic}
   size_t MinHeapSize                              = 8388608                                   {product} {ergonomic}
    uintx NonNMethodCodeHeapSize                   = 5832704                                {pd product} {ergonomic}
    uintx NonProfiledCodeHeapSize                  = 122945536                              {pd product} {ergonomic}
    uintx ProfiledCodeHeapSize                     = 122880000                              {pd product} {ergonomic}
    uintx ReservedCodeCacheSize                    = 251658240                              {pd product} {ergonomic}
     bool SegmentedCodeCache                       = true                                      {product} {ergonomic}
   size_t SoftMaxHeapSize                          = 2120220672                             {manageable} {ergonomic}
     bool UseCompressedOops                        = true                           {product lp64_product} {ergonomic}
     bool UseG1GC                                  = true                                      {product} {ergonomic}
     bool UseLargePagesIndividualAllocation        = false                                  {pd product} {ergonomic}

Logging:
Log output configuration:
 #0: stdout all=warning uptime,level,tags foldmultilines=false
 #1: stderr all=off uptime,level,tags foldmultilines=false

Environment Variables:
PATH=C:\Program Files\Common Files\Oracle\Java\javapath;C:\Windows\system32;C:\Windows;C:\Windows\System32\Wbem;C:\Windows\System32\WindowsPowerShell\v1.0\;C:\Windows\System32\OpenSSH\;C:\Program Files\Docker\Docker\resources\bin;C:\Program Files\Git\cmd;C:\chromedriver-win64;C:\Program Files\nodejs\;C:\Users\DUY\miniconda3;C:\Users\DUY\miniconda3\Scripts;C:\Program Files\dotnet\;C:\Users\DUY\anaconda3;C:\Users\DUY\anaconda3\Library\mingw-w64\bin;C:\Users\DUY\anaconda3\Library\usr\bin;C:\Users\DUY\anaconda3\Library\bin;C:\Users\DUY\anaconda3\Scripts;C:\Users\DUY\AppData\Local\Programs\Python\Python313\Scripts\;C:\Users\DUY\AppData\Local\Programs\Python\Python313\;C:\Users\DUY\AppData\Local\Programs\Python\Launcher\;C:\Users\DUY\AppData\Local\Microsoft\WindowsApps;C:\Users\DUY\AppData\Local\JetBrains\Toolbox\scripts;C:\Users\DUY\AppData\Roaming\npm;C:\Users\DUY\AppData\Local\Programs\Microsoft VS Code\bin;C:\Users\DUY\AppData\Local\Programs\oh-my-posh\bin
USERNAME=DUY
OS=Windows_NT
PROCESSOR_IDENTIFIER=Intel64 Family 6 Model 78 Stepping 3, GenuineIntel
TMP=C:\Users\DUY\AppData\Local\Temp
TEMP=C:\Users\DUY\AppData\Local\Temp




Periodic native trim disabled

---------------  S Y S T E M  ---------------

OS:
 Windows 10 , 64 bit Build 19041 (10.0.19041.5198)
OS uptime: 0 days 2:47 hours
Hyper-V role detected

CPU: total 4 (initial active 4) (2 cores per cpu, 2 threads per core) family 6 model 78 stepping 3 microcode 0xdc, cx8, cmov, fxsr, ht, mmx, 3dnowpref, sse, sse2, sse3, ssse3, sse4.1, sse4.2, popcnt, lzcnt, tsc, tscinvbit, avx, avx2, aes, erms, clmul, bmi1, bmi2, adx, fma, vzeroupper, clflush, clflushopt, hv, rdtscp, f16c
Processor Information for the first 4 processors :
  Max Mhz: 2401, Current Mhz: 2401, Mhz Limit: 2401

Memory: 4k page, system-wide physical 8083M (264M free)
TotalPageFile size 16083M (AvailPageFile size 88M)
current process WorkingSet (physical memory assigned to process): 11M, peak: 11M
current process commit charge ("private bytes"): 52M, peak: 180M

vm_info: Java HotSpot(TM) 64-Bit Server VM (23+37-2369) for windows-amd64 JRE (23+37-2369), built on 2024-08-20T16:01:23Z with MS VC++ 17.6 (VS2022)

END.
