#
# There is insufficient memory for the Java Runtime Environment to continue.
# Native memory allocation (malloc) failed to allocate 40816 bytes. Error detail: Chunk::new
# Possible reasons:
#   The system is out of physical RAM or swap space
#   This process is running with CompressedOops enabled, and the Java Heap may be blocking the growth of the native heap
# Possible solutions:
#   Reduce memory load on the system
#   Increase physical memory or swap space
#   Check if swap backing store is full
#   Decrease Java heap size (-Xmx/-Xms)
#   Decrease number of Java threads
#   Decrease Java thread stack sizes (-Xss)
#   Set larger code cache with -XX:ReservedCodeCacheSize=
#   JVM is running with Unscaled Compressed Oops mode in which the Java heap is
#     placed in the first 4GB address space. The Java Heap base address is the
#     maximum limit for the native heap growth. Please use -XX:HeapBaseMinAddress
#     to set the Java Heap base and to place the Java Heap above 4GB virtual address.
# This output file may be truncated or incomplete.
#
#  Out of Memory Error (arena.cpp:149), pid=16916, tid=17316
#
# JRE version: Java(TM) SE Runtime Environment (23.0+37) (build 23+37-2369)
# Java VM: Java HotSpot(TM) 64-Bit Server VM (23+37-2369, mixed mode, sharing, tiered, compressed oops, compressed class ptrs, g1 gc, windows-amd64)
# No core dump will be written. Minidumps are not enabled by default on client versions of Windows
#

---------------  S U M M A R Y ------------

Command Line: -Dmaven.multiModuleProjectDirectory=D:\project\project-management\report-service -Djansi.passthrough=true -Dmaven.home=C:\Users\DUY\AppData\Local\Programs\IntelliJ IDEA Ultimate\plugins\maven\lib\maven3 -Dclassworlds.conf=C:\Users\DUY\AppData\Local\Programs\IntelliJ IDEA Ultimate\plugins\maven\lib\maven3\bin\m2.conf -Dmaven.ext.class.path=C:\Users\DUY\AppData\Local\Programs\IntelliJ IDEA Ultimate\plugins\maven\lib\maven-event-listener.jar -javaagent:C:\Users\DUY\AppData\Local\Programs\IntelliJ IDEA Ultimate\lib\idea_rt.jar=54920:C:\Users\DUY\AppData\Local\Programs\IntelliJ IDEA Ultimate\bin -Dfile.encoding=UTF-8 -Dsun.stdout.encoding=UTF-8 -Dsun.stderr.encoding=UTF-8 org.codehaus.classworlds.Launcher -Didea.version=2024.2.3 clean

Host: Intel(R) Core(TM) i5-6200U CPU @ 2.30GHz, 4 cores, 7G,  Windows 10 , 64 bit Build 19041 (10.0.19041.5072)
Time: Sun Dec  8 18:34:19 2024 SE Asia Standard Time elapsed time: 11.460558 seconds (0d 0h 0m 11s)

---------------  T H R E A D  ---------------

Current thread (0x00000260dc0258c0):  JavaThread "C2 CompilerThread0" daemon [_thread_in_native, id=17316, stack(0x000000c3f4700000,0x000000c3f4800000) (1024K)]


Current CompileTask:
C2:11460 2450       4       java.util.jar.JarFile::getVersionedEntry (133 bytes)

Stack: [0x000000c3f4700000,0x000000c3f4800000]
Native frames: (J=compiled Java code, j=interpreted, Vv=VM code, C=native code)
V  [jvm.dll+0x6e08a9]  (no source info available)
V  [jvm.dll+0x87da63]  (no source info available)
V  [jvm.dll+0x87feee]  (no source info available)
V  [jvm.dll+0x8805c3]  (no source info available)
V  [jvm.dll+0x27aee6]  (no source info available)
V  [jvm.dll+0xbc06f]  (no source info available)
V  [jvm.dll+0xbc2cb]  (no source info available)
V  [jvm.dll+0x5e7997]  (no source info available)
V  [jvm.dll+0x38a45a]  (no source info available)
V  [jvm.dll+0x38989a]  (no source info available)
V  [jvm.dll+0x244aa1]  (no source info available)
V  [jvm.dll+0x243dff]  (no source info available)
V  [jvm.dll+0x1c33a0]  (no source info available)
V  [jvm.dll+0x253cf1]  (no source info available)
V  [jvm.dll+0x251faa]  (no source info available)
V  [jvm.dll+0x3ee036]  (no source info available)
V  [jvm.dll+0x824f1b]  (no source info available)
V  [jvm.dll+0x6df055]  (no source info available)
C  [ucrtbase.dll+0x21bb2]  (no source info available)
C  [KERNEL32.DLL+0x17374]  (no source info available)
C  [ntdll.dll+0x4cc91]  (no source info available)

Lock stack of current Java thread (top to bottom):


---------------  P R O C E S S  ---------------

Threads class SMR info:
_java_thread_list=0x000002612209b7a0, length=13, elements={
0x00000260bfb71b80, 0x00000260dc01c480, 0x00000260dc020470, 0x00000260dc022800,
0x00000260dc023260, 0x00000260dc023cc0, 0x00000260dc024b30, 0x00000260dc0258c0,
0x00000260dc0559e0, 0x00000260dc10c770, 0x00000260dc27e260, 0x00000260dc281950,
0x00000260dc420610
}

Java Threads: ( => current thread )
  0x00000260bfb71b80 JavaThread "main"                              [_thread_in_Java, id=8580, stack(0x000000c3f3900000,0x000000c3f3a00000) (1024K)]
  0x00000260dc01c480 JavaThread "Reference Handler"          daemon [_thread_blocked, id=2808, stack(0x000000c3f4100000,0x000000c3f4200000) (1024K)]
  0x00000260dc020470 JavaThread "Finalizer"                  daemon [_thread_blocked, id=10600, stack(0x000000c3f4200000,0x000000c3f4300000) (1024K)]
  0x00000260dc022800 JavaThread "Signal Dispatcher"          daemon [_thread_blocked, id=14772, stack(0x000000c3f4300000,0x000000c3f4400000) (1024K)]
  0x00000260dc023260 JavaThread "Attach Listener"            daemon [_thread_blocked, id=3780, stack(0x000000c3f4400000,0x000000c3f4500000) (1024K)]
  0x00000260dc023cc0 JavaThread "Service Thread"             daemon [_thread_blocked, id=10596, stack(0x000000c3f4500000,0x000000c3f4600000) (1024K)]
  0x00000260dc024b30 JavaThread "Monitor Deflation Thread"   daemon [_thread_blocked, id=7484, stack(0x000000c3f4600000,0x000000c3f4700000) (1024K)]
=>0x00000260dc0258c0 JavaThread "C2 CompilerThread0"         daemon [_thread_in_native, id=17316, stack(0x000000c3f4700000,0x000000c3f4800000) (1024K)]
  0x00000260dc0559e0 JavaThread "C1 CompilerThread0"         daemon [_thread_in_native, id=12192, stack(0x000000c3f4800000,0x000000c3f4900000) (1024K)]
  0x00000260dc10c770 JavaThread "Common-Cleaner"             daemon [_thread_blocked, id=13720, stack(0x000000c3f4900000,0x000000c3f4a00000) (1024K)]
  0x00000260dc27e260 JavaThread "Monitor Ctrl-Break"         daemon [_thread_in_native, id=1308, stack(0x000000c3f4a00000,0x000000c3f4b00000) (1024K)]
  0x00000260dc281950 JavaThread "Notification Thread"        daemon [_thread_blocked, id=5064, stack(0x000000c3f4b00000,0x000000c3f4c00000) (1024K)]
  0x00000260dc420610 JavaThread "cleanup"                    daemon [_thread_in_native, id=2672, stack(0x000000c3f4c00000,0x000000c3f4d00000) (1024K)]
Total: 13

Other Threads:
  0x00000260dc0029d0 VMThread "VM Thread"                           [id=16764, stack(0x000000c3f4000000,0x000000c3f4100000) (1024K)]
  0x00000260dbff3370 WatcherThread "VM Periodic Task Thread"        [id=10720, stack(0x000000c3f3f00000,0x000000c3f4000000) (1024K)]
  0x00000260bfbc7610 WorkerThread "GC Thread#0"                     [id=6212, stack(0x000000c3f3a00000,0x000000c3f3b00000) (1024K)]
  0x00000261220a5570 WorkerThread "GC Thread#1"                     [id=12508, stack(0x000000c3f4d00000,0x000000c3f4e00000) (1024K)]
  0x00000261220a5920 WorkerThread "GC Thread#2"                     [id=16812, stack(0x000000c3f4e00000,0x000000c3f4f00000) (1024K)]
  0x00000261220bc1a0 WorkerThread "GC Thread#3"                     [id=5160, stack(0x000000c3f4f00000,0x000000c3f5000000) (1024K)]
  0x00000260bfbdc160 ConcurrentGCThread "G1 Main Marker"            [id=10932, stack(0x000000c3f3b00000,0x000000c3f3c00000) (1024K)]
  0x00000260bfbdcd30 WorkerThread "G1 Conc#0"                       [id=17364, stack(0x000000c3f3c00000,0x000000c3f3d00000) (1024K)]
  0x00000260dbeb80f0 ConcurrentGCThread "G1 Refine#0"               [id=5096, stack(0x000000c3f3d00000,0x000000c3f3e00000) (1024K)]
  0x00000260bfc3db30 ConcurrentGCThread "G1 Service"                [id=12512, stack(0x000000c3f3e00000,0x000000c3f3f00000) (1024K)]
Total: 10

Threads with active compile tasks:
C2 CompilerThread0  11618 2450       4       java.util.jar.JarFile::getVersionedEntry (133 bytes)
C1 CompilerThread0  11618 2493       3       java.util.TreeMap::fixAfterInsertion (267 bytes)
Total: 2

VM state: not at safepoint (normal execution)

VM Mutex/Monitor currently owned by a thread: None

Heap address: 0x0000000081a00000, size: 2022 MB, Compressed Oops mode: 32-bit

CDS archive(s) mapped at: [0x00000260dd000000-0x00000260ddd70000-0x00000260ddd70000), size 14090240, SharedBaseAddress: 0x00000260dd000000, ArchiveRelocationMode: 1.
Compressed class space mapped at: 0x00000260de000000-0x000002611e000000, reserved size: 1073741824
Narrow klass base: 0x00000260dd000000, Narrow klass shift: 0, Narrow klass range: 0x41000000

GC Precious Log:
 CardTable entry size: 512
 Card Set container configuration: InlinePtr #cards 5 size 8 Array Of Cards #cards 10 size 36 Howl #buckets 4 coarsen threshold 1843 Howl Bitmap #cards 512 size 80 coarsen threshold 460 Card regions per heap region 1 cards per card region 2048
 CPUs: 4 total, 4 available
 Memory: 8083M
 Large Page Support: Disabled
 NUMA Support: Disabled
 Compressed Oops: Enabled (32-bit)
 Heap Region Size: 1M
 Heap Min Capacity: 8M
 Heap Initial Capacity: 128M
 Heap Max Capacity: 2022M
 Pre-touch: Disabled
 Parallel Workers: 4
 Concurrent Workers: 1
 Concurrent Refinement Workers: 4
 Periodic GC: Disabled

Heap:
 garbage-first heap   total reserved 2070528K, committed 131072K, used 13311K [0x0000000081a00000, 0x0000000100000000)
  region size 1024K, 11 young (11264K), 3 survivors (3072K)
 Metaspace       used 12349K, committed 12608K, reserved 1114112K
  class space    used 1535K, committed 1664K, reserved 1048576K

Heap Regions: E=young(eden), S=young(survivor), O=old, HS=humongous(starts), HC=humongous(continues), CS=collection set, F=free, TAMS=top-at-mark-start, PB=parsable bottom
|   0|0x0000000081a00000, 0x0000000081b00000, 0x0000000081b00000|100%| O|  |TAMS 0x0000000081a00000| PB 0x0000000081a00000| Untracked |  0
|   1|0x0000000081b00000, 0x0000000081c00000, 0x0000000081c00000|100%| O|  |TAMS 0x0000000081b00000| PB 0x0000000081b00000| Untracked |  0
|   2|0x0000000081c00000, 0x0000000081d00000, 0x0000000081d00000|100%| O|  |TAMS 0x0000000081c00000| PB 0x0000000081c00000| Untracked |  0
|   3|0x0000000081d00000, 0x0000000081d51e40, 0x0000000081e00000| 31%| O|  |TAMS 0x0000000081d00000| PB 0x0000000081d00000| Untracked |  0
|   4|0x0000000081e00000, 0x0000000081e00000, 0x0000000081f00000|  0%| F|  |TAMS 0x0000000081e00000| PB 0x0000000081e00000| Untracked |  0
|   5|0x0000000081f00000, 0x0000000081f00000, 0x0000000082000000|  0%| F|  |TAMS 0x0000000081f00000| PB 0x0000000081f00000| Untracked |  0
|   6|0x0000000082000000, 0x0000000082000000, 0x0000000082100000|  0%| F|  |TAMS 0x0000000082000000| PB 0x0000000082000000| Untracked |  0
|   7|0x0000000082100000, 0x0000000082100000, 0x0000000082200000|  0%| F|  |TAMS 0x0000000082100000| PB 0x0000000082100000| Untracked |  0
|   8|0x0000000082200000, 0x0000000082200000, 0x0000000082300000|  0%| F|  |TAMS 0x0000000082200000| PB 0x0000000082200000| Untracked |  0
|   9|0x0000000082300000, 0x0000000082300000, 0x0000000082400000|  0%| F|  |TAMS 0x0000000082300000| PB 0x0000000082300000| Untracked |  0
|  10|0x0000000082400000, 0x0000000082400000, 0x0000000082500000|  0%| F|  |TAMS 0x0000000082400000| PB 0x0000000082400000| Untracked |  0
|  11|0x0000000082500000, 0x0000000082500000, 0x0000000082600000|  0%| F|  |TAMS 0x0000000082500000| PB 0x0000000082500000| Untracked |  0
|  12|0x0000000082600000, 0x0000000082600000, 0x0000000082700000|  0%| F|  |TAMS 0x0000000082600000| PB 0x0000000082600000| Untracked |  0
|  13|0x0000000082700000, 0x0000000082700000, 0x0000000082800000|  0%| F|  |TAMS 0x0000000082700000| PB 0x0000000082700000| Untracked |  0
|  14|0x0000000082800000, 0x0000000082800000, 0x0000000082900000|  0%| F|  |TAMS 0x0000000082800000| PB 0x0000000082800000| Untracked |  0
|  15|0x0000000082900000, 0x0000000082900000, 0x0000000082a00000|  0%| F|  |TAMS 0x0000000082900000| PB 0x0000000082900000| Untracked |  0
|  16|0x0000000082a00000, 0x0000000082a00000, 0x0000000082b00000|  0%| F|  |TAMS 0x0000000082a00000| PB 0x0000000082a00000| Untracked |  0
|  17|0x0000000082b00000, 0x0000000082b00000, 0x0000000082c00000|  0%| F|  |TAMS 0x0000000082b00000| PB 0x0000000082b00000| Untracked |  0
|  18|0x0000000082c00000, 0x0000000082c00000, 0x0000000082d00000|  0%| F|  |TAMS 0x0000000082c00000| PB 0x0000000082c00000| Untracked |  0
|  19|0x0000000082d00000, 0x0000000082d00000, 0x0000000082e00000|  0%| F|  |TAMS 0x0000000082d00000| PB 0x0000000082d00000| Untracked |  0
|  20|0x0000000082e00000, 0x0000000082e00000, 0x0000000082f00000|  0%| F|  |TAMS 0x0000000082e00000| PB 0x0000000082e00000| Untracked |  0
|  21|0x0000000082f00000, 0x0000000082f00000, 0x0000000083000000|  0%| F|  |TAMS 0x0000000082f00000| PB 0x0000000082f00000| Untracked |  0
|  22|0x0000000083000000, 0x0000000083000000, 0x0000000083100000|  0%| F|  |TAMS 0x0000000083000000| PB 0x0000000083000000| Untracked |  0
|  23|0x0000000083100000, 0x0000000083100000, 0x0000000083200000|  0%| F|  |TAMS 0x0000000083100000| PB 0x0000000083100000| Untracked |  0
|  24|0x0000000083200000, 0x0000000083200000, 0x0000000083300000|  0%| F|  |TAMS 0x0000000083200000| PB 0x0000000083200000| Untracked |  0
|  25|0x0000000083300000, 0x0000000083300000, 0x0000000083400000|  0%| F|  |TAMS 0x0000000083300000| PB 0x0000000083300000| Untracked |  0
|  26|0x0000000083400000, 0x0000000083400000, 0x0000000083500000|  0%| F|  |TAMS 0x0000000083400000| PB 0x0000000083400000| Untracked |  0
|  27|0x0000000083500000, 0x0000000083500000, 0x0000000083600000|  0%| F|  |TAMS 0x0000000083500000| PB 0x0000000083500000| Untracked |  0
|  28|0x0000000083600000, 0x0000000083600000, 0x0000000083700000|  0%| F|  |TAMS 0x0000000083600000| PB 0x0000000083600000| Untracked |  0
|  29|0x0000000083700000, 0x0000000083700000, 0x0000000083800000|  0%| F|  |TAMS 0x0000000083700000| PB 0x0000000083700000| Untracked |  0
|  30|0x0000000083800000, 0x0000000083800000, 0x0000000083900000|  0%| F|  |TAMS 0x0000000083800000| PB 0x0000000083800000| Untracked |  0
|  31|0x0000000083900000, 0x0000000083900000, 0x0000000083a00000|  0%| F|  |TAMS 0x0000000083900000| PB 0x0000000083900000| Untracked |  0
|  32|0x0000000083a00000, 0x0000000083a00000, 0x0000000083b00000|  0%| F|  |TAMS 0x0000000083a00000| PB 0x0000000083a00000| Untracked |  0
|  33|0x0000000083b00000, 0x0000000083b00000, 0x0000000083c00000|  0%| F|  |TAMS 0x0000000083b00000| PB 0x0000000083b00000| Untracked |  0
|  34|0x0000000083c00000, 0x0000000083c00000, 0x0000000083d00000|  0%| F|  |TAMS 0x0000000083c00000| PB 0x0000000083c00000| Untracked |  0
|  35|0x0000000083d00000, 0x0000000083d00000, 0x0000000083e00000|  0%| F|  |TAMS 0x0000000083d00000| PB 0x0000000083d00000| Untracked |  0
|  36|0x0000000083e00000, 0x0000000083e00000, 0x0000000083f00000|  0%| F|  |TAMS 0x0000000083e00000| PB 0x0000000083e00000| Untracked |  0
|  37|0x0000000083f00000, 0x0000000083f00000, 0x0000000084000000|  0%| F|  |TAMS 0x0000000083f00000| PB 0x0000000083f00000| Untracked |  0
|  38|0x0000000084000000, 0x0000000084000000, 0x0000000084100000|  0%| F|  |TAMS 0x0000000084000000| PB 0x0000000084000000| Untracked |  0
|  39|0x0000000084100000, 0x0000000084100000, 0x0000000084200000|  0%| F|  |TAMS 0x0000000084100000| PB 0x0000000084100000| Untracked |  0
|  40|0x0000000084200000, 0x0000000084200000, 0x0000000084300000|  0%| F|  |TAMS 0x0000000084200000| PB 0x0000000084200000| Untracked |  0
|  41|0x0000000084300000, 0x0000000084300000, 0x0000000084400000|  0%| F|  |TAMS 0x0000000084300000| PB 0x0000000084300000| Untracked |  0
|  42|0x0000000084400000, 0x0000000084400000, 0x0000000084500000|  0%| F|  |TAMS 0x0000000084400000| PB 0x0000000084400000| Untracked |  0
|  43|0x0000000084500000, 0x0000000084500000, 0x0000000084600000|  0%| F|  |TAMS 0x0000000084500000| PB 0x0000000084500000| Untracked |  0
|  44|0x0000000084600000, 0x0000000084600000, 0x0000000084700000|  0%| F|  |TAMS 0x0000000084600000| PB 0x0000000084600000| Untracked |  0
|  45|0x0000000084700000, 0x0000000084700000, 0x0000000084800000|  0%| F|  |TAMS 0x0000000084700000| PB 0x0000000084700000| Untracked |  0
|  46|0x0000000084800000, 0x0000000084800000, 0x0000000084900000|  0%| F|  |TAMS 0x0000000084800000| PB 0x0000000084800000| Untracked |  0
|  47|0x0000000084900000, 0x0000000084900000, 0x0000000084a00000|  0%| F|  |TAMS 0x0000000084900000| PB 0x0000000084900000| Untracked |  0
|  48|0x0000000084a00000, 0x0000000084a00000, 0x0000000084b00000|  0%| F|  |TAMS 0x0000000084a00000| PB 0x0000000084a00000| Untracked |  0
|  49|0x0000000084b00000, 0x0000000084b00000, 0x0000000084c00000|  0%| F|  |TAMS 0x0000000084b00000| PB 0x0000000084b00000| Untracked |  0
|  50|0x0000000084c00000, 0x0000000084c00000, 0x0000000084d00000|  0%| F|  |TAMS 0x0000000084c00000| PB 0x0000000084c00000| Untracked |  0
|  51|0x0000000084d00000, 0x0000000084d00000, 0x0000000084e00000|  0%| F|  |TAMS 0x0000000084d00000| PB 0x0000000084d00000| Untracked |  0
|  52|0x0000000084e00000, 0x0000000084e00000, 0x0000000084f00000|  0%| F|  |TAMS 0x0000000084e00000| PB 0x0000000084e00000| Untracked |  0
|  53|0x0000000084f00000, 0x0000000084f00000, 0x0000000085000000|  0%| F|  |TAMS 0x0000000084f00000| PB 0x0000000084f00000| Untracked |  0
|  54|0x0000000085000000, 0x0000000085000000, 0x0000000085100000|  0%| F|  |TAMS 0x0000000085000000| PB 0x0000000085000000| Untracked |  0
|  55|0x0000000085100000, 0x0000000085100000, 0x0000000085200000|  0%| F|  |TAMS 0x0000000085100000| PB 0x0000000085100000| Untracked |  0
|  56|0x0000000085200000, 0x0000000085200000, 0x0000000085300000|  0%| F|  |TAMS 0x0000000085200000| PB 0x0000000085200000| Untracked |  0
|  57|0x0000000085300000, 0x0000000085300000, 0x0000000085400000|  0%| F|  |TAMS 0x0000000085300000| PB 0x0000000085300000| Untracked |  0
|  58|0x0000000085400000, 0x0000000085400000, 0x0000000085500000|  0%| F|  |TAMS 0x0000000085400000| PB 0x0000000085400000| Untracked |  0
|  59|0x0000000085500000, 0x0000000085500000, 0x0000000085600000|  0%| F|  |TAMS 0x0000000085500000| PB 0x0000000085500000| Untracked |  0
|  60|0x0000000085600000, 0x0000000085600000, 0x0000000085700000|  0%| F|  |TAMS 0x0000000085600000| PB 0x0000000085600000| Untracked |  0
|  61|0x0000000085700000, 0x0000000085700000, 0x0000000085800000|  0%| F|  |TAMS 0x0000000085700000| PB 0x0000000085700000| Untracked |  0
|  62|0x0000000085800000, 0x0000000085800000, 0x0000000085900000|  0%| F|  |TAMS 0x0000000085800000| PB 0x0000000085800000| Untracked |  0
|  63|0x0000000085900000, 0x0000000085900000, 0x0000000085a00000|  0%| F|  |TAMS 0x0000000085900000| PB 0x0000000085900000| Untracked |  0
|  64|0x0000000085a00000, 0x0000000085a00000, 0x0000000085b00000|  0%| F|  |TAMS 0x0000000085a00000| PB 0x0000000085a00000| Untracked |  0
|  65|0x0000000085b00000, 0x0000000085b00000, 0x0000000085c00000|  0%| F|  |TAMS 0x0000000085b00000| PB 0x0000000085b00000| Untracked |  0
|  66|0x0000000085c00000, 0x0000000085c00000, 0x0000000085d00000|  0%| F|  |TAMS 0x0000000085c00000| PB 0x0000000085c00000| Untracked |  0
|  67|0x0000000085d00000, 0x0000000085d00000, 0x0000000085e00000|  0%| F|  |TAMS 0x0000000085d00000| PB 0x0000000085d00000| Untracked |  0
|  68|0x0000000085e00000, 0x0000000085e00000, 0x0000000085f00000|  0%| F|  |TAMS 0x0000000085e00000| PB 0x0000000085e00000| Untracked |  0
|  69|0x0000000085f00000, 0x0000000085f00000, 0x0000000086000000|  0%| F|  |TAMS 0x0000000085f00000| PB 0x0000000085f00000| Untracked |  0
|  70|0x0000000086000000, 0x0000000086000000, 0x0000000086100000|  0%| F|  |TAMS 0x0000000086000000| PB 0x0000000086000000| Untracked |  0
|  71|0x0000000086100000, 0x0000000086100000, 0x0000000086200000|  0%| F|  |TAMS 0x0000000086100000| PB 0x0000000086100000| Untracked |  0
|  72|0x0000000086200000, 0x0000000086200000, 0x0000000086300000|  0%| F|  |TAMS 0x0000000086200000| PB 0x0000000086200000| Untracked |  0
|  73|0x0000000086300000, 0x0000000086300000, 0x0000000086400000|  0%| F|  |TAMS 0x0000000086300000| PB 0x0000000086300000| Untracked |  0
|  74|0x0000000086400000, 0x0000000086400000, 0x0000000086500000|  0%| F|  |TAMS 0x0000000086400000| PB 0x0000000086400000| Untracked |  0
|  75|0x0000000086500000, 0x0000000086500000, 0x0000000086600000|  0%| F|  |TAMS 0x0000000086500000| PB 0x0000000086500000| Untracked |  0
|  76|0x0000000086600000, 0x0000000086600000, 0x0000000086700000|  0%| F|  |TAMS 0x0000000086600000| PB 0x0000000086600000| Untracked |  0
|  77|0x0000000086700000, 0x0000000086700000, 0x0000000086800000|  0%| F|  |TAMS 0x0000000086700000| PB 0x0000000086700000| Untracked |  0
|  78|0x0000000086800000, 0x0000000086800000, 0x0000000086900000|  0%| F|  |TAMS 0x0000000086800000| PB 0x0000000086800000| Untracked |  0
|  79|0x0000000086900000, 0x0000000086900000, 0x0000000086a00000|  0%| F|  |TAMS 0x0000000086900000| PB 0x0000000086900000| Untracked |  0
|  80|0x0000000086a00000, 0x0000000086a00000, 0x0000000086b00000|  0%| F|  |TAMS 0x0000000086a00000| PB 0x0000000086a00000| Untracked |  0
|  81|0x0000000086b00000, 0x0000000086b00000, 0x0000000086c00000|  0%| F|  |TAMS 0x0000000086b00000| PB 0x0000000086b00000| Untracked |  0
|  82|0x0000000086c00000, 0x0000000086c00000, 0x0000000086d00000|  0%| F|  |TAMS 0x0000000086c00000| PB 0x0000000086c00000| Untracked |  0
|  83|0x0000000086d00000, 0x0000000086d00000, 0x0000000086e00000|  0%| F|  |TAMS 0x0000000086d00000| PB 0x0000000086d00000| Untracked |  0
|  84|0x0000000086e00000, 0x0000000086e00000, 0x0000000086f00000|  0%| F|  |TAMS 0x0000000086e00000| PB 0x0000000086e00000| Untracked |  0
|  85|0x0000000086f00000, 0x0000000086f00000, 0x0000000087000000|  0%| F|  |TAMS 0x0000000086f00000| PB 0x0000000086f00000| Untracked |  0
|  86|0x0000000087000000, 0x0000000087000000, 0x0000000087100000|  0%| F|  |TAMS 0x0000000087000000| PB 0x0000000087000000| Untracked |  0
|  87|0x0000000087100000, 0x0000000087100000, 0x0000000087200000|  0%| F|  |TAMS 0x0000000087100000| PB 0x0000000087100000| Untracked |  0
|  88|0x0000000087200000, 0x0000000087200000, 0x0000000087300000|  0%| F|  |TAMS 0x0000000087200000| PB 0x0000000087200000| Untracked |  0
|  89|0x0000000087300000, 0x0000000087300000, 0x0000000087400000|  0%| F|  |TAMS 0x0000000087300000| PB 0x0000000087300000| Untracked |  0
|  90|0x0000000087400000, 0x0000000087400000, 0x0000000087500000|  0%| F|  |TAMS 0x0000000087400000| PB 0x0000000087400000| Untracked |  0
|  91|0x0000000087500000, 0x0000000087500000, 0x0000000087600000|  0%| F|  |TAMS 0x0000000087500000| PB 0x0000000087500000| Untracked |  0
|  92|0x0000000087600000, 0x00000000876adfb0, 0x0000000087700000| 67%| S|CS|TAMS 0x0000000087600000| PB 0x0000000087600000| Complete |  0
|  93|0x0000000087700000, 0x0000000087800000, 0x0000000087800000|100%| S|CS|TAMS 0x0000000087700000| PB 0x0000000087700000| Complete |  0
|  94|0x0000000087800000, 0x0000000087900000, 0x0000000087900000|100%| S|CS|TAMS 0x0000000087800000| PB 0x0000000087800000| Complete |  0
|  95|0x0000000087900000, 0x0000000087900000, 0x0000000087a00000|  0%| F|  |TAMS 0x0000000087900000| PB 0x0000000087900000| Untracked |  0
|  96|0x0000000087a00000, 0x0000000087a00000, 0x0000000087b00000|  0%| F|  |TAMS 0x0000000087a00000| PB 0x0000000087a00000| Untracked |  0
|  97|0x0000000087b00000, 0x0000000087b00000, 0x0000000087c00000|  0%| F|  |TAMS 0x0000000087b00000| PB 0x0000000087b00000| Untracked |  0
|  98|0x0000000087c00000, 0x0000000087c00000, 0x0000000087d00000|  0%| F|  |TAMS 0x0000000087c00000| PB 0x0000000087c00000| Untracked |  0
|  99|0x0000000087d00000, 0x0000000087d00000, 0x0000000087e00000|  0%| F|  |TAMS 0x0000000087d00000| PB 0x0000000087d00000| Untracked |  0
| 100|0x0000000087e00000, 0x0000000087e00000, 0x0000000087f00000|  0%| F|  |TAMS 0x0000000087e00000| PB 0x0000000087e00000| Untracked |  0
| 101|0x0000000087f00000, 0x0000000087f00000, 0x0000000088000000|  0%| F|  |TAMS 0x0000000087f00000| PB 0x0000000087f00000| Untracked |  0
| 102|0x0000000088000000, 0x0000000088000000, 0x0000000088100000|  0%| F|  |TAMS 0x0000000088000000| PB 0x0000000088000000| Untracked |  0
| 103|0x0000000088100000, 0x0000000088100000, 0x0000000088200000|  0%| F|  |TAMS 0x0000000088100000| PB 0x0000000088100000| Untracked |  0
| 104|0x0000000088200000, 0x0000000088200000, 0x0000000088300000|  0%| F|  |TAMS 0x0000000088200000| PB 0x0000000088200000| Untracked |  0
| 105|0x0000000088300000, 0x0000000088300000, 0x0000000088400000|  0%| F|  |TAMS 0x0000000088300000| PB 0x0000000088300000| Untracked |  0
| 106|0x0000000088400000, 0x0000000088400000, 0x0000000088500000|  0%| F|  |TAMS 0x0000000088400000| PB 0x0000000088400000| Untracked |  0
| 107|0x0000000088500000, 0x0000000088500000, 0x0000000088600000|  0%| F|  |TAMS 0x0000000088500000| PB 0x0000000088500000| Untracked |  0
| 108|0x0000000088600000, 0x0000000088600000, 0x0000000088700000|  0%| F|  |TAMS 0x0000000088600000| PB 0x0000000088600000| Untracked |  0
| 109|0x0000000088700000, 0x0000000088700000, 0x0000000088800000|  0%| F|  |TAMS 0x0000000088700000| PB 0x0000000088700000| Untracked |  0
| 110|0x0000000088800000, 0x0000000088800000, 0x0000000088900000|  0%| F|  |TAMS 0x0000000088800000| PB 0x0000000088800000| Untracked |  0
| 111|0x0000000088900000, 0x0000000088900000, 0x0000000088a00000|  0%| F|  |TAMS 0x0000000088900000| PB 0x0000000088900000| Untracked |  0
| 112|0x0000000088a00000, 0x0000000088a00000, 0x0000000088b00000|  0%| F|  |TAMS 0x0000000088a00000| PB 0x0000000088a00000| Untracked |  0
| 113|0x0000000088b00000, 0x0000000088b00000, 0x0000000088c00000|  0%| F|  |TAMS 0x0000000088b00000| PB 0x0000000088b00000| Untracked |  0
| 114|0x0000000088c00000, 0x0000000088c00000, 0x0000000088d00000|  0%| F|  |TAMS 0x0000000088c00000| PB 0x0000000088c00000| Untracked |  0
| 115|0x0000000088d00000, 0x0000000088d00000, 0x0000000088e00000|  0%| F|  |TAMS 0x0000000088d00000| PB 0x0000000088d00000| Untracked |  0
| 116|0x0000000088e00000, 0x0000000088e00000, 0x0000000088f00000|  0%| F|  |TAMS 0x0000000088e00000| PB 0x0000000088e00000| Untracked |  0
| 117|0x0000000088f00000, 0x0000000088f00000, 0x0000000089000000|  0%| F|  |TAMS 0x0000000088f00000| PB 0x0000000088f00000| Untracked |  0
| 118|0x0000000089000000, 0x0000000089000000, 0x0000000089100000|  0%| F|  |TAMS 0x0000000089000000| PB 0x0000000089000000| Untracked |  0
| 119|0x0000000089100000, 0x0000000089100000, 0x0000000089200000|  0%| F|  |TAMS 0x0000000089100000| PB 0x0000000089100000| Untracked |  0
| 120|0x0000000089200000, 0x0000000089280000, 0x0000000089300000| 50%| E|  |TAMS 0x0000000089200000| PB 0x0000000089200000| Complete |  0
| 121|0x0000000089300000, 0x0000000089400000, 0x0000000089400000|100%| E|CS|TAMS 0x0000000089300000| PB 0x0000000089300000| Complete |  0
| 122|0x0000000089400000, 0x0000000089500000, 0x0000000089500000|100%| E|CS|TAMS 0x0000000089400000| PB 0x0000000089400000| Complete |  0
| 123|0x0000000089500000, 0x0000000089600000, 0x0000000089600000|100%| E|CS|TAMS 0x0000000089500000| PB 0x0000000089500000| Complete |  0
| 124|0x0000000089600000, 0x0000000089700000, 0x0000000089700000|100%| E|CS|TAMS 0x0000000089600000| PB 0x0000000089600000| Complete |  0
| 125|0x0000000089700000, 0x0000000089800000, 0x0000000089800000|100%| E|CS|TAMS 0x0000000089700000| PB 0x0000000089700000| Complete |  0
| 126|0x0000000089800000, 0x0000000089900000, 0x0000000089900000|100%| E|CS|TAMS 0x0000000089800000| PB 0x0000000089800000| Complete |  0
| 127|0x0000000089900000, 0x0000000089a00000, 0x0000000089a00000|100%| E|CS|TAMS 0x0000000089900000| PB 0x0000000089900000| Complete |  0

Card table byte_map: [0x00000260d76b0000,0x00000260d7ab0000] _byte_map_base: 0x00000260d72a3000

Marking Bits: (CMBitMap*) 0x00000260bfbc7c30
 Bits: [0x00000260d7ab0000, 0x00000260d9a48000)

Polling page: 0x00000260bd9a0000

Metaspace:

Usage:
  Non-class:     10.57 MB used.
      Class:      1.50 MB used.
       Both:     12.07 MB used.

Virtual space:
  Non-class space:       64.00 MB reserved,      10.69 MB ( 17%) committed,  1 nodes.
      Class space:        1.00 GB reserved,       1.62 MB ( <1%) committed,  1 nodes.
             Both:        1.06 GB reserved,      12.31 MB (  1%) committed. 

Chunk freelists:
   Non-Class:  4.62 MB
       Class:  14.27 MB
        Both:  18.89 MB

MaxMetaspaceSize: unlimited
CompressedClassSpaceSize: 1.00 GB
Initial GC threshold: 21.00 MB
Current GC threshold: 21.00 MB
CDS: on
 - commit_granule_bytes: 65536.
 - commit_granule_words: 8192.
 - virtual_space_node_default_size: 8388608.
 - enlarge_chunks_in_place: 1.
 - use_allocation_guard: 0.


Internal statistics:

num_allocs_failed_limit: 0.
num_arena_births: 116.
num_arena_deaths: 0.
num_vsnodes_births: 2.
num_vsnodes_deaths: 0.
num_space_committed: 197.
num_space_uncommitted: 0.
num_chunks_returned_to_freelist: 0.
num_chunks_taken_from_freelist: 506.
num_chunk_merges: 0.
num_chunk_splits: 354.
num_chunks_enlarged: 286.
num_inconsistent_stats: 0.

CodeHeap 'non-profiled nmethods': size=120064Kb used=795Kb max_used=795Kb free=119268Kb
 bounds [0x00000260cfd70000, 0x00000260cffe0000, 0x00000260d72b0000]
CodeHeap 'profiled nmethods': size=120000Kb used=3580Kb max_used=3580Kb free=116419Kb
 bounds [0x00000260c82b0000, 0x00000260c8630000, 0x00000260cf7e0000]
CodeHeap 'non-nmethods': size=5696Kb used=1391Kb max_used=1434Kb free=4304Kb
 bounds [0x00000260cf7e0000, 0x00000260cfa50000, 0x00000260cfd70000]
CodeCache: size=245760Kb, used=5766Kb, max_used=5809Kb, free=239991Kb
 total_blobs=2988, nmethods=2489, adapters=404, full_count=0
Compilation: enabled, stopped_count=0, restarted_count=0

Compilation events (20 events):
Event: 11.407 Thread 0x00000260dc0559e0 2452       3       com.google.common.cache.LocalCache::recordsWrite (20 bytes)
Event: 11.407 Thread 0x00000260dc0559e0 nmethod 2452 0x00000260c8624008 code [0x00000260c8624140, 0x00000260c8624450]
Event: 11.407 Thread 0x00000260dc0559e0 2453       1       com.google.inject.spi.InjectionPoint::getMember (5 bytes)
Event: 11.408 Thread 0x00000260dc0559e0 nmethod 2453 0x00000260cfe36388 code [0x00000260cfe364a0, 0x00000260cfe36568]
Event: 11.409 Thread 0x00000260dc0559e0 2454       3       com.google.inject.internal.asm.$SymbolTable::get (13 bytes)
Event: 11.409 Thread 0x00000260dc0559e0 nmethod 2454 0x00000260c8624488 code [0x00000260c86245a0, 0x00000260c86246f8]
Event: 11.413 Thread 0x00000260dc0559e0 2456       3       com.google.inject.internal.asm.$ByteVector::putUTF8 (144 bytes)
Event: 11.414 Thread 0x00000260dc0559e0 nmethod 2456 0x00000260c8624788 code [0x00000260c8624980, 0x00000260c86253e8]
Event: 11.414 Thread 0x00000260dc0559e0 2457       3       com.google.inject.internal.asm.$ByteVector::putByte (39 bytes)
Event: 11.415 Thread 0x00000260dc0559e0 nmethod 2457 0x00000260c8625488 code [0x00000260c86255c0, 0x00000260c8625798]
Event: 11.415 Thread 0x00000260dc0559e0 2458       3       com.google.inject.internal.asm.$SymbolTable::hash (10 bytes)
Event: 11.415 Thread 0x00000260dc0559e0 nmethod 2458 0x00000260c8625808 code [0x00000260c8625920, 0x00000260c8625a50]
Event: 11.415 Thread 0x00000260dc0559e0 2459       3       com.google.common.base.Stopwatch::start (35 bytes)
Event: 11.415 Thread 0x00000260dc0559e0 nmethod 2459 0x00000260c8625b08 code [0x00000260c8625c60, 0x00000260c86260e0]
Event: 11.416 Thread 0x00000260dc0559e0 2460       3       com.google.common.base.Stopwatch::elapsed (12 bytes)
Event: 11.416 Thread 0x00000260dc0559e0 nmethod 2460 0x00000260c8626188 code [0x00000260c86262c0, 0x00000260c86265a8]
Event: 11.417 Thread 0x00000260dc0559e0 2462       3       com.google.inject.internal.asm.$Symbol::<init> (38 bytes)
Event: 11.417 Thread 0x00000260dc0559e0 nmethod 2462 0x00000260c8626608 code [0x00000260c8626720, 0x00000260c86269b0]
Event: 11.417 Thread 0x00000260dc0559e0 2461       3       com.google.common.base.Stopwatch::elapsedNanos (32 bytes)
Event: 11.418 Thread 0x00000260dc0559e0 nmethod 2461 0x00000260c8626a08 code [0x00000260c8626b40, 0x00000260c8626da0]

GC Heap History (6 events):
Event: 4.747 GC heap before
{Heap before GC invocations=0 (full 0):
 garbage-first heap   total reserved 2070528K, committed 131072K, used 14336K [0x0000000081a00000, 0x0000000100000000)
  region size 1024K, 14 young (14336K), 0 survivors (0K)
 Metaspace       used 4186K, committed 4352K, reserved 1114112K
  class space    used 443K, committed 512K, reserved 1048576K
}
Event: 5.257 GC heap after
{Heap after GC invocations=1 (full 0):
 garbage-first heap   total reserved 2070528K, committed 131072K, used 3327K [0x0000000081a00000, 0x0000000100000000)
  region size 1024K, 2 young (2048K), 2 survivors (2048K)
 Metaspace       used 4186K, committed 4352K, reserved 1114112K
  class space    used 443K, committed 512K, reserved 1048576K
}
Event: 6.797 GC heap before
{Heap before GC invocations=1 (full 0):
 garbage-first heap   total reserved 2070528K, committed 131072K, used 15615K [0x0000000081a00000, 0x0000000100000000)
  region size 1024K, 14 young (14336K), 2 survivors (2048K)
 Metaspace       used 6431K, committed 6592K, reserved 1114112K
  class space    used 779K, committed 832K, reserved 1048576K
}
Event: 6.805 GC heap after
{Heap after GC invocations=2 (full 0):
 garbage-first heap   total reserved 2070528K, committed 131072K, used 4224K [0x0000000081a00000, 0x0000000100000000)
  region size 1024K, 1 young (1024K), 1 survivors (1024K)
 Metaspace       used 6431K, committed 6592K, reserved 1114112K
  class space    used 779K, committed 832K, reserved 1048576K
}
Event: 10.786 GC heap before
{Heap before GC invocations=2 (full 0):
 garbage-first heap   total reserved 2070528K, committed 131072K, used 36992K [0x0000000081a00000, 0x0000000100000000)
  region size 1024K, 33 young (33792K), 1 survivors (1024K)
 Metaspace       used 11091K, committed 11264K, reserved 1114112K
  class space    used 1363K, committed 1408K, reserved 1048576K
}
Event: 10.793 GC heap after
{Heap after GC invocations=3 (full 0):
 garbage-first heap   total reserved 2070528K, committed 131072K, used 6143K [0x0000000081a00000, 0x0000000100000000)
  region size 1024K, 3 young (3072K), 3 survivors (3072K)
 Metaspace       used 11091K, committed 11264K, reserved 1114112K
  class space    used 1363K, committed 1408K, reserved 1048576K
}

Dll operation events (12 events):
Event: 0.089 Loaded shared library C:\Program Files\Java\jdk-23\bin\java.dll
Event: 0.233 Loaded shared library C:\Program Files\Java\jdk-23\bin\jsvml.dll
Event: 0.467 Loaded shared library C:\Program Files\Java\jdk-23\bin\zip.dll
Event: 0.509 Loaded shared library C:\Program Files\Java\jdk-23\bin\instrument.dll
Event: 0.518 Loaded shared library C:\Program Files\Java\jdk-23\bin\net.dll
Event: 0.521 Loaded shared library C:\Program Files\Java\jdk-23\bin\nio.dll
Event: 0.530 Loaded shared library C:\Program Files\Java\jdk-23\bin\zip.dll
Event: 0.613 Loaded shared library C:\Users\DUY\AppData\Local\Programs\IntelliJ IDEA Ultimate\bin\breakgen64.dll
Event: 0.686 Loaded shared library C:\Program Files\Java\jdk-23\bin\extnet.dll
Event: 1.313 Loaded shared library C:\Program Files\Java\jdk-23\bin\jimage.dll
Event: 1.715 Loaded shared library C:\Users\DUY\AppData\Local\Temp\jansi-2.4.1-46a1fd23d86c82f7-jansi.dll
Event: 1.738 Loaded shared library C:\Program Files\Java\jdk-23\bin\verify.dll

Deoptimization events (20 events):
Event: 10.800 Thread 0x00000260bfb71b80 Uncommon trap: trap_request=0xffffff45 fr.pc=0x00000260cfdbb6d8 relative=0x0000000000000238
Event: 10.801 Thread 0x00000260bfb71b80 Uncommon trap: reason=unstable_if action=reinterpret pc=0x00000260cfdbb6d8 method=jdk.internal.util.ArraysSupport.mismatch([BI[BII)I @ 55 c2
Event: 10.801 Thread 0x00000260bfb71b80 DEOPT PACKING pc=0x00000260cfdbb6d8 sp=0x000000c3f39fe870
Event: 10.801 Thread 0x00000260bfb71b80 DEOPT UNPACKING pc=0x00000260cf834402 sp=0x000000c3f39fe810 mode 2
Event: 10.878 Thread 0x00000260bfb71b80 Uncommon trap: trap_request=0xffffff45 fr.pc=0x00000260cfe0e55c relative=0x000000000000029c
Event: 10.878 Thread 0x00000260bfb71b80 Uncommon trap: reason=unstable_if action=reinterpret pc=0x00000260cfe0e55c method=java.util.concurrent.ConcurrentHashMap.get(Ljava/lang/Object;)Ljava/lang/Object; @ 76 c2
Event: 10.878 Thread 0x00000260bfb71b80 DEOPT PACKING pc=0x00000260cfe0e55c sp=0x000000c3f39fb930
Event: 10.878 Thread 0x00000260bfb71b80 DEOPT UNPACKING pc=0x00000260cf834402 sp=0x000000c3f39fb8a8 mode 2
Event: 10.915 Thread 0x00000260bfb71b80 Uncommon trap: trap_request=0xffffff45 fr.pc=0x00000260cfe25154 relative=0x00000000000005f4
Event: 10.915 Thread 0x00000260bfb71b80 Uncommon trap: reason=unstable_if action=reinterpret pc=0x00000260cfe25154 method=java.lang.StringLatin1.getChars(II[B)I @ 25 c2
Event: 10.915 Thread 0x00000260bfb71b80 DEOPT PACKING pc=0x00000260cfe25154 sp=0x000000c3f39fe110
Event: 10.915 Thread 0x00000260bfb71b80 DEOPT UNPACKING pc=0x00000260cf834402 sp=0x000000c3f39fe060 mode 2
Event: 11.025 Thread 0x00000260bfb71b80 Uncommon trap: trap_request=0xffffff45 fr.pc=0x00000260cfde7b60 relative=0x00000000000001c0
Event: 11.025 Thread 0x00000260bfb71b80 Uncommon trap: reason=unstable_if action=reinterpret pc=0x00000260cfde7b60 method=java.lang.ClassLoader.checkName(Ljava/lang/String;)Z @ 1 c2
Event: 11.025 Thread 0x00000260bfb71b80 DEOPT PACKING pc=0x00000260cfde7b60 sp=0x000000c3f39fde80
Event: 11.025 Thread 0x00000260bfb71b80 DEOPT UNPACKING pc=0x00000260cf834402 sp=0x000000c3f39fde18 mode 2
Event: 11.148 Thread 0x00000260bfb71b80 DEOPT PACKING pc=0x00000260c85c393c sp=0x000000c3f39fe360
Event: 11.148 Thread 0x00000260bfb71b80 DEOPT UNPACKING pc=0x00000260cf834b22 sp=0x000000c3f39fd8c0 mode 0
Event: 11.412 Thread 0x00000260bfb71b80 DEOPT PACKING pc=0x00000260c85b8994 sp=0x000000c3f39fd7c0
Event: 11.412 Thread 0x00000260bfb71b80 DEOPT UNPACKING pc=0x00000260cf834b22 sp=0x000000c3f39fcc78 mode 0

Classes loaded (20 events):
Event: 10.594 Loading class java/nio/channels/OverlappingFileLockException
Event: 10.594 Loading class java/nio/channels/OverlappingFileLockException done
Event: 10.595 Loading class java/nio/channels/FileLock
Event: 10.595 Loading class java/nio/channels/FileLock done
Event: 10.669 Loading class java/nio/file/AccessDeniedException
Event: 10.669 Loading class java/nio/file/FileSystemException
Event: 10.669 Loading class java/nio/file/FileSystemException done
Event: 10.669 Loading class java/nio/file/AccessDeniedException done
Event: 10.860 Loading class java/lang/ExceptionInInitializerError
Event: 10.860 Loading class java/lang/ExceptionInInitializerError done
Event: 10.878 Loading class jdk/internal/vm/annotation/ForceInline
Event: 10.878 Loading class jdk/internal/vm/annotation/ForceInline done
Event: 10.987 Loading class sun/invoke/util/ValueConversions$1
Event: 10.987 Loading class sun/invoke/util/ValueConversions$1 done
Event: 10.989 Loading class java/lang/invoke/BoundMethodHandle$Species_LI
Event: 10.989 Loading class java/lang/invoke/BoundMethodHandle$Species_LI done
Event: 11.411 Loading class sun/reflect/generics/scope/MethodScope
Event: 11.411 Loading class sun/reflect/generics/scope/MethodScope done
Event: 11.411 Loading class sun/reflect/generics/repository/MethodRepository
Event: 11.411 Loading class sun/reflect/generics/repository/MethodRepository done

Classes unloaded (0 events):
No events

Classes redefined (0 events):
No events

Internal exceptions (20 events):
Event: 0.829 Thread 0x00000260bfb71b80 Exception <a 'java/lang/NoSuchMethodError'{0x00000000897dbc90}: 'int java.lang.invoke.DirectMethodHandle$Holder.invokeSpecial(java.lang.Object, java.lang.Object, java.lang.Object)'> (0x00000000897dbc90) 
thrown [s\open\src\hotspot\share\interpreter\linkResolver.cpp, line 796]
Event: 1.269 Thread 0x00000260bfb71b80 Exception <a 'java/lang/NullPointerException'{0x000000008945c780}> (0x000000008945c780) 
thrown [s\open\src\hotspot\share\interpreter\linkResolver.cpp, line 1389]
Event: 1.678 Thread 0x00000260bfb71b80 Exception <a 'sun/nio/fs/WindowsException'{0x00000000894832c0}> (0x00000000894832c0) 
thrown [s\open\src\hotspot\share\prims\jni.cpp, line 520]
Event: 1.805 Thread 0x00000260bfb71b80 Exception <a 'java/lang/NoSuchMethodError'{0x0000000089369ea0}: 'void java.lang.invoke.DirectMethodHandle$Holder.invokeStaticInit(java.lang.Object, java.lang.Object)'> (0x0000000089369ea0) 
thrown [s\open\src\hotspot\share\interpreter\linkResolver.cpp, line 796]
Event: 2.583 Thread 0x00000260bfb71b80 Exception <a 'java/lang/NoSuchMethodError'{0x000000008911f5a0}: 'java.lang.Object java.lang.invoke.DirectMethodHandle$Holder.invokeSpecialIFC(java.lang.Object, java.lang.Object, java.lang.Object, java.lang.Object)'> (0x000000008911f5a0) 
thrown [s\open\src\hotspot\share\interpreter\linkResolver.cpp, line 796]
Event: 4.189 Thread 0x00000260bfb71b80 Exception <a 'java/lang/NoSuchMethodError'{0x0000000088cd7008}: 'void java.lang.invoke.DirectMethodHandle$Holder.invokeSpecial(java.lang.Object, java.lang.Object, java.lang.Object)'> (0x0000000088cd7008) 
thrown [s\open\src\hotspot\share\interpreter\linkResolver.cpp, line 796]
Event: 5.418 Thread 0x00000260bfb71b80 Exception <a 'java/lang/NoSuchMethodError'{0x000000008986b580}: 'java.lang.Object java.lang.invoke.DirectMethodHandle$Holder.invokeInterface(java.lang.Object, java.lang.Object)'> (0x000000008986b580) 
thrown [s\open\src\hotspot\share\interpreter\linkResolver.cpp, line 796]
Event: 5.531 Thread 0x00000260bfb71b80 Exception <a 'java/lang/NoSuchMethodError'{0x0000000089709638}: 'int java.lang.invoke.DirectMethodHandle$Holder.invokeStatic(java.lang.Object, java.lang.Object, java.lang.Object, java.lang.Object)'> (0x0000000089709638) 
thrown [s\open\src\hotspot\share\interpreter\linkResolver.cpp, line 796]
Event: 5.549 Thread 0x00000260bfb71b80 Exception <a 'java/lang/NoSuchMethodError'{0x00000000897180d0}: 'int java.lang.invoke.DirectMethodHandle$Holder.invokeSpecialIFC(java.lang.Object, java.lang.Object, java.lang.Object, java.lang.Object, java.lang.Object)'> (0x00000000897180d0) 
thrown [s\open\src\hotspot\share\interpreter\linkResolver.cpp, line 796]
Event: 6.039 Thread 0x00000260bfb71b80 Exception <a 'java/lang/NoSuchMethodError'{0x00000000896b6bd0}: 'void java.lang.invoke.DirectMethodHandle$Holder.invokeStatic(java.lang.Object, int, java.lang.Object)'> (0x00000000896b6bd0) 
thrown [s\open\src\hotspot\share\interpreter\linkResolver.cpp, line 796]
Event: 6.447 Thread 0x00000260bfb71b80 Exception <a 'java/lang/NoSuchMethodError'{0x0000000089428868}: 'int java.lang.invoke.DirectMethodHandle$Holder.invokeStaticInit(java.lang.Object, java.lang.Object)'> (0x0000000089428868) 
thrown [s\open\src\hotspot\share\interpreter\linkResolver.cpp, line 796]
Event: 6.463 Thread 0x00000260bfb71b80 Exception <a 'java/lang/NoClassDefFoundError'{0x000000008945f0e0}: javax/enterprise/inject/Typed> (0x000000008945f0e0) 
thrown [s\open\src\hotspot\share\classfile\systemDictionary.cpp, line 302]
Event: 10.848 Thread 0x00000260bfb71b80 Exception <a 'java/lang/NoSuchMethodError'{0x00000000898051d8}: 'void java.lang.invoke.DirectMethodHandle$Holder.invokeStaticInit(java.lang.Object, java.lang.Object, java.lang.Object)'> (0x00000000898051d8) 
thrown [s\open\src\hotspot\share\interpreter\linkResolver.cpp, line 796]
Event: 10.875 Thread 0x00000260bfb71b80 Exception <a 'java/lang/ExceptionInInitializerError'{0x000000008982efd8}> (0x000000008982efd8) 
thrown [s\open\src\hotspot\share\oops\instanceKlass.cpp, line 1236]
Event: 10.988 Thread 0x00000260bfb71b80 Exception <a 'java/lang/NoSuchMethodError'{0x0000000089747d98}: 'long java.lang.invoke.DirectMethodHandle$Holder.invokeStatic(java.lang.Object, java.lang.Object, int)'> (0x0000000089747d98) 
thrown [s\open\src\hotspot\share\interpreter\linkResolver.cpp, line 796]
Event: 10.992 Thread 0x00000260bfb71b80 Exception <a 'java/lang/NoSuchMethodError'{0x000000008975b368}: 'java.lang.Object java.lang.invoke.DirectMethodHandle$Holder.invokeStatic(java.lang.Object, java.lang.Object, java.lang.Object, java.lang.Object, int)'> (0x000000008975b368) 
thrown [s\open\src\hotspot\share\interpreter\linkResolver.cpp, line 796]
Event: 10.994 Thread 0x00000260bfb71b80 Exception <a 'java/lang/NoSuchMethodError'{0x0000000089763550}: 'java.lang.Object java.lang.invoke.DirectMethodHandle$Holder.invokeSpecial(java.lang.Object, java.lang.Object, java.lang.Object, java.lang.Object, long)'> (0x0000000089763550) 
thrown [s\open\src\hotspot\share\interpreter\linkResolver.cpp, line 796]
Event: 10.999 Thread 0x00000260bfb71b80 Exception <a 'java/lang/NoSuchMethodError'{0x000000008976f368}: 'java.lang.Object java.lang.invoke.DirectMethodHandle$Holder.invokeSpecial(java.lang.Object, java.lang.Object, java.lang.Object, int, java.lang.Object)'> (0x000000008976f368) 
thrown [s\open\src\hotspot\share\interpreter\linkResolver.cpp, line 796]
Event: 11.025 Thread 0x00000260bfb71b80 Implicit null exception at 0x00000260cfde79c0 to 0x00000260cfde7b4c
Event: 11.039 Thread 0x00000260bfb71b80 Exception <a 'java/lang/NoSuchMethodError'{0x00000000897989b8}: 'java.lang.Object java.lang.invoke.Invokers$Holder.invokeExact_MT(java.lang.Object, int, java.lang.Object)'> (0x00000000897989b8) 
thrown [s\open\src\hotspot\share\interpreter\linkResolver.cpp, line 796]

VM Operations (20 events):
Event: 1.347 Executing VM operation: HandshakeAllThreads (Deoptimize)
Event: 1.672 Executing VM operation: HandshakeAllThreads (Deoptimize) done
Event: 4.194 Executing VM operation: G1CollectForAllocation (G1 Evacuation Pause)
Event: 5.257 Executing VM operation: G1CollectForAllocation (G1 Evacuation Pause) done
Event: 6.739 Executing VM operation: G1CollectForAllocation (G1 Evacuation Pause)
Event: 6.816 Executing VM operation: G1CollectForAllocation (G1 Evacuation Pause) done
Event: 8.770 Executing VM operation: HandshakeAllThreads (Deoptimize)
Event: 8.780 Executing VM operation: HandshakeAllThreads (Deoptimize) done
Event: 8.880 Executing VM operation: HandshakeAllThreads (Deoptimize)
Event: 8.880 Executing VM operation: HandshakeAllThreads (Deoptimize) done
Event: 10.786 Executing VM operation: G1CollectForAllocation (G1 Evacuation Pause)
Event: 10.793 Executing VM operation: G1CollectForAllocation (G1 Evacuation Pause) done
Event: 10.909 Executing VM operation: HandshakeAllThreads (Deoptimize)
Event: 10.909 Executing VM operation: HandshakeAllThreads (Deoptimize) done
Event: 11.143 Executing VM operation: HandshakeAllThreads (Deoptimize)
Event: 11.143 Executing VM operation: HandshakeAllThreads (Deoptimize) done
Event: 11.147 Executing VM operation: HandshakeAllThreads (Deoptimize)
Event: 11.147 Executing VM operation: HandshakeAllThreads (Deoptimize) done
Event: 11.412 Executing VM operation: HandshakeAllThreads (Deoptimize)
Event: 11.412 Executing VM operation: HandshakeAllThreads (Deoptimize) done

Memory protections (0 events):
No events

Nmethod flushes (0 events):
No events

Events (15 events):
Event: 0.148 Thread 0x00000260bfb71b80 Thread added: 0x00000260bfb71b80
Event: 0.174 Thread 0x00000260bfb71b80 Thread added: 0x00000260dc01c480
Event: 0.174 Thread 0x00000260bfb71b80 Thread added: 0x00000260dc020470
Event: 0.175 Thread 0x00000260bfb71b80 Thread added: 0x00000260dc022800
Event: 0.175 Thread 0x00000260bfb71b80 Thread added: 0x00000260dc023260
Event: 0.175 Thread 0x00000260bfb71b80 Thread added: 0x00000260dc023cc0
Event: 0.175 Thread 0x00000260bfb71b80 Thread added: 0x00000260dc024b30
Event: 0.175 Thread 0x00000260bfb71b80 Thread added: 0x00000260dc0258c0
Event: 0.184 Thread 0x00000260bfb71b80 Thread added: 0x00000260dc0559e0
Event: 0.384 Thread 0x00000260bfb71b80 Thread added: 0x00000260dc10c770
Event: 0.614 Thread 0x00000260bfb71b80 Thread added: 0x00000260dc27e260
Event: 0.615 Thread 0x00000260bfb71b80 Thread added: 0x00000260dc281950
Event: 1.274 Thread 0x00000260bfb71b80 Thread added: 0x00000260dc420610
Event: 6.528 Thread 0x00000260dc0559e0 Thread added: 0x00000260dcb9d6c0
Event: 7.016 Thread 0x00000260dcb9d6c0 Thread exited: 0x00000260dcb9d6c0


Dynamic libraries:
0x00007ff6f5f80000 - 0x00007ff6f5f90000 	C:\Program Files\Java\jdk-23\bin\java.exe
0x00007ffcfd230000 - 0x00007ffcfd428000 	C:\Windows\SYSTEM32\ntdll.dll
0x00007ffcfc300000 - 0x00007ffcfc3c2000 	C:\Windows\System32\KERNEL32.DLL
0x00007ffcfa9f0000 - 0x00007ffcfacee000 	C:\Windows\System32\KERNELBASE.dll
0x00007ffcfaf80000 - 0x00007ffcfb080000 	C:\Windows\System32\ucrtbase.dll
0x00007ffcf5010000 - 0x00007ffcf5027000 	C:\Program Files\Java\jdk-23\bin\jli.dll
0x00007ffcfcff0000 - 0x00007ffcfd18d000 	C:\Windows\System32\USER32.dll
0x00007ffcfb220000 - 0x00007ffcfb242000 	C:\Windows\System32\win32u.dll
0x00007ffcfb740000 - 0x00007ffcfb76b000 	C:\Windows\System32\GDI32.dll
0x00007ffcfa8d0000 - 0x00007ffcfa9e7000 	C:\Windows\System32\gdi32full.dll
0x00007ffcfb130000 - 0x00007ffcfb1cd000 	C:\Windows\System32\msvcp_win.dll
0x00007ffcf5030000 - 0x00007ffcf504b000 	C:\Program Files\Java\jdk-23\bin\VCRUNTIME140.dll
0x00007ffce94c0000 - 0x00007ffce975a000 	C:\Windows\WinSxS\amd64_microsoft.windows.common-controls_6595b64144ccf1df_6.0.19041.4355_none_60b8b9eb71f62e16\COMCTL32.dll
0x00007ffcfbbd0000 - 0x00007ffcfbc6e000 	C:\Windows\System32\msvcrt.dll
0x00007ffcfc1b0000 - 0x00007ffcfc1df000 	C:\Windows\System32\IMM32.DLL
0x00007ffcf4c40000 - 0x00007ffcf4c4c000 	C:\Program Files\Java\jdk-23\bin\vcruntime140_1.dll
0x00007ffcd2630000 - 0x00007ffcd26be000 	C:\Program Files\Java\jdk-23\bin\msvcp140.dll
0x00007ffc80310000 - 0x00007ffc8105f000 	C:\Program Files\Java\jdk-23\bin\server\jvm.dll
0x00007ffcfc0f0000 - 0x00007ffcfc1a1000 	C:\Windows\System32\ADVAPI32.dll
0x00007ffcfb6a0000 - 0x00007ffcfb73f000 	C:\Windows\System32\sechost.dll
0x00007ffcfcd80000 - 0x00007ffcfcea3000 	C:\Windows\System32\RPCRT4.dll
0x00007ffcfacf0000 - 0x00007ffcfad17000 	C:\Windows\System32\bcrypt.dll
0x00007ffcfcf80000 - 0x00007ffcfcfeb000 	C:\Windows\System32\WS2_32.dll
0x00007ffcfa730000 - 0x00007ffcfa77b000 	C:\Windows\SYSTEM32\POWRPROF.dll
0x00007ffcea290000 - 0x00007ffcea2b7000 	C:\Windows\SYSTEM32\WINMM.dll
0x00007ffceb300000 - 0x00007ffceb30a000 	C:\Windows\SYSTEM32\VERSION.dll
0x00007ffcfa710000 - 0x00007ffcfa722000 	C:\Windows\SYSTEM32\UMPDC.dll
0x00007ffcf8710000 - 0x00007ffcf8722000 	C:\Windows\SYSTEM32\kernel.appcore.dll
0x00007ffcf4c30000 - 0x00007ffcf4c3a000 	C:\Program Files\Java\jdk-23\bin\jimage.dll
0x00007ffceb630000 - 0x00007ffceb814000 	C:\Windows\SYSTEM32\DBGHELP.DLL
0x00007ffcdadc0000 - 0x00007ffcdadf4000 	C:\Windows\SYSTEM32\dbgcore.DLL
0x00007ffcfaef0000 - 0x00007ffcfaf72000 	C:\Windows\System32\bcryptPrimitives.dll
0x00007ffcf4150000 - 0x00007ffcf415f000 	C:\Program Files\Java\jdk-23\bin\instrument.dll
0x00007ffcf0590000 - 0x00007ffcf05ae000 	C:\Program Files\Java\jdk-23\bin\java.dll
0x00007ffcfb880000 - 0x00007ffcfb9ab000 	C:\Windows\System32\ole32.dll
0x00007ffcfb340000 - 0x00007ffcfb693000 	C:\Windows\System32\combase.dll
0x00007ffcfc610000 - 0x00007ffcfcd7d000 	C:\Windows\System32\SHELL32.dll
0x00007ffcf8910000 - 0x00007ffcf90b4000 	C:\Windows\SYSTEM32\windows.storage.dll
0x00007ffcfa150000 - 0x00007ffcfa17e000 	C:\Windows\SYSTEM32\Wldp.dll
0x00007ffcfceb0000 - 0x00007ffcfcf7d000 	C:\Windows\System32\OLEAUT32.dll
0x00007ffcfc3d0000 - 0x00007ffcfc47d000 	C:\Windows\System32\SHCORE.dll
0x00007ffcfb800000 - 0x00007ffcfb855000 	C:\Windows\System32\shlwapi.dll
0x00007ffcfa800000 - 0x00007ffcfa824000 	C:\Windows\SYSTEM32\profapi.dll
0x00007ffce90d0000 - 0x00007ffce91a7000 	C:\Program Files\Java\jdk-23\bin\jsvml.dll
0x00007ffcdb400000 - 0x00007ffcdb417000 	C:\Program Files\Java\jdk-23\bin\zip.dll
0x00007ffcea3c0000 - 0x00007ffcea3d0000 	C:\Program Files\Java\jdk-23\bin\net.dll
0x00007ffcf9f30000 - 0x00007ffcf9f9a000 	C:\Windows\system32\mswsock.dll
0x00007ffcd2540000 - 0x00007ffcd2556000 	C:\Program Files\Java\jdk-23\bin\nio.dll
0x00007ffcd2520000 - 0x00007ffcd253a000 	C:\Users\DUY\AppData\Local\Programs\IntelliJ IDEA Ultimate\bin\breakgen64.dll
0x00007ffcdc6f0000 - 0x00007ffcdc6f9000 	C:\Program Files\Java\jdk-23\bin\extnet.dll
0x00007ffce91f0000 - 0x00007ffce9214000 	C:\Users\DUY\AppData\Local\Temp\jansi-2.4.1-46a1fd23d86c82f7-jansi.dll
0x00007ffc6d690000 - 0x00007ffc6d6a0000 	C:\Program Files\Java\jdk-23\bin\verify.dll

dbghelp: loaded successfully - version: 4.0.5 - missing functions: none
symbol engine: initialized successfully - sym options: 0x614 - pdb path: .;C:\Program Files\Java\jdk-23\bin;C:\Windows\SYSTEM32;C:\Windows\WinSxS\amd64_microsoft.windows.common-controls_6595b64144ccf1df_6.0.19041.4355_none_60b8b9eb71f62e16;C:\Program Files\Java\jdk-23\bin\server;C:\Users\DUY\AppData\Local\Programs\IntelliJ IDEA Ultimate\bin;C:\Users\DUY\AppData\Local\Temp

VM Arguments:
jvm_args: -Dmaven.multiModuleProjectDirectory=D:\project\project-management\report-service -Djansi.passthrough=true -Dmaven.home=C:\Users\DUY\AppData\Local\Programs\IntelliJ IDEA Ultimate\plugins\maven\lib\maven3 -Dclassworlds.conf=C:\Users\DUY\AppData\Local\Programs\IntelliJ IDEA Ultimate\plugins\maven\lib\maven3\bin\m2.conf -Dmaven.ext.class.path=C:\Users\DUY\AppData\Local\Programs\IntelliJ IDEA Ultimate\plugins\maven\lib\maven-event-listener.jar -javaagent:C:\Users\DUY\AppData\Local\Programs\IntelliJ IDEA Ultimate\lib\idea_rt.jar=54920:C:\Users\DUY\AppData\Local\Programs\IntelliJ IDEA Ultimate\bin -Dfile.encoding=UTF-8 -Dsun.stdout.encoding=UTF-8 -Dsun.stderr.encoding=UTF-8 
java_command: org.codehaus.classworlds.Launcher -Didea.version=2024.2.3 clean
java_class_path (initial): C:\Users\DUY\AppData\Local\Programs\IntelliJ IDEA Ultimate\plugins\maven\lib\maven3\boot\plexus-classworlds-2.8.0.jar;C:\Users\DUY\AppData\Local\Programs\IntelliJ IDEA Ultimate\plugins\maven\lib\maven3\boot\plexus-classworlds.license
Launcher Type: SUN_STANDARD

[Global flags]
     intx CICompilerCount                          = 3                                         {product} {ergonomic}
     uint ConcGCThreads                            = 1                                         {product} {ergonomic}
     uint G1ConcRefinementThreads                  = 4                                         {product} {ergonomic}
   size_t G1HeapRegionSize                         = 1048576                                   {product} {ergonomic}
   size_t InitialHeapSize                          = 134217728                                 {product} {ergonomic}
   size_t MarkStackSize                            = 4194304                                   {product} {ergonomic}
   size_t MarkStackSizeMax                         = 536870912                                 {product} {ergonomic}
   size_t MaxHeapSize                              = 2120220672                                {product} {ergonomic}
   size_t MaxNewSize                               = 1271922688                                {product} {ergonomic}
   size_t MinHeapDeltaBytes                        = 1048576                                   {product} {ergonomic}
   size_t MinHeapSize                              = 8388608                                   {product} {ergonomic}
    uintx NonNMethodCodeHeapSize                   = 5832704                                {pd product} {ergonomic}
    uintx NonProfiledCodeHeapSize                  = 122945536                              {pd product} {ergonomic}
    uintx ProfiledCodeHeapSize                     = 122880000                              {pd product} {ergonomic}
    uintx ReservedCodeCacheSize                    = 251658240                              {pd product} {ergonomic}
     bool SegmentedCodeCache                       = true                                      {product} {ergonomic}
   size_t SoftMaxHeapSize                          = 2120220672                             {manageable} {ergonomic}
     bool UseCompressedOops                        = true                           {product lp64_product} {ergonomic}
     bool UseG1GC                                  = true                                      {product} {ergonomic}
     bool UseLargePagesIndividualAllocation        = false                                  {pd product} {ergonomic}

Logging:
Log output configuration:
 #0: stdout all=warning uptime,level,tags foldmultilines=false
 #1: stderr all=off uptime,level,tags foldmultilines=false

Environment Variables:
PATH=C:\Program Files\Common Files\Oracle\Java\javapath;C:\Windows\system32;C:\Windows;C:\Windows\System32\Wbem;C:\Windows\System32\WindowsPowerShell\v1.0\;C:\Windows\System32\OpenSSH\;C:\Program Files\Docker\Docker\resources\bin;C:\Program Files\Git\cmd;C:\chromedriver-win64;C:\Program Files\nodejs\;C:\Users\DUY\AppData\Local\Programs\Python\Launcher\;C:\Users\DUY\AppData\Local\Microsoft\WindowsApps;C:\Users\DUY\AppData\Local\JetBrains\Toolbox\scripts;C:\Users\DUY\AppData\Roaming\npm;C:\Users\DUY\AppData\Local\Programs\Microsoft VS Code\bin;C:\Users\DUY\AppData\Local\Programs\oh-my-posh\bin
USERNAME=DUY
OS=Windows_NT
PROCESSOR_IDENTIFIER=Intel64 Family 6 Model 78 Stepping 3, GenuineIntel
TMP=C:\Users\DUY\AppData\Local\Temp
TEMP=C:\Users\DUY\AppData\Local\Temp




Periodic native trim disabled

---------------  S Y S T E M  ---------------

OS:
 Windows 10 , 64 bit Build 19041 (10.0.19041.5072)
OS uptime: 0 days 1:11 hours
Hyper-V role detected

CPU: total 4 (initial active 4) (2 cores per cpu, 2 threads per core) family 6 model 78 stepping 3 microcode 0xdc, cx8, cmov, fxsr, ht, mmx, 3dnowpref, sse, sse2, sse3, ssse3, sse4.1, sse4.2, popcnt, lzcnt, tsc, tscinvbit, avx, avx2, aes, erms, clmul, bmi1, bmi2, adx, fma, vzeroupper, clflush, clflushopt, hv, rdtscp, f16c
Processor Information for the first 4 processors :
  Max Mhz: 2401, Current Mhz: 2401, Mhz Limit: 2401

Memory: 4k page, system-wide physical 8083M (369M free)
TotalPageFile size 16083M (AvailPageFile size 3M)
current process WorkingSet (physical memory assigned to process): 105M, peak: 105M
current process commit charge ("private bytes"): 229M, peak: 231M

vm_info: Java HotSpot(TM) 64-Bit Server VM (23+37-2369) for windows-amd64 JRE (23+37-2369), built on 2024-08-20T16:01:23Z with MS VC++ 17.6 (VS2022)

END.
